<?xml version="1.0" encoding="UTF-8"?>
<!-- Generated by org.testng.reporters.JUnitReportReporter -->
<testsuite hostname="DESKTOP-2E4SG6O" failures="0" tests="4" name="testing.AllTests" time="0.086" errors="0" timestamp="2025-08-05T14:11:05 IST" skipped="0">
  <testcase classname="testing.AllTests" name="testLogin" time="0.019"/>
  <testcase classname="testing.AllTests" name="testHomePage" time="0.029"/>
  <testcase classname="testing.AllTests" name="testLogin" time="0.004"/>
  <testcase classname="testing.AllTests" name="testLogin" time="0.034"/>
</testsuite> <!-- testing.AllTests -->
